Killed obogenome at LBP
 (Used mem % = 25.4)
Killed obogenome at 
 (Used mem % = 26.2)
Killed obogenome at 
 (Used mem % = 26.7)
Killed obogenome at 
 (Used mem % = 25.2)
Killed obogenome at 
 (Used mem % = 26.7)
Killed obogenome at 
 (Used mem % = 27.0)
Killed obogenome at 
 (Used mem % = 26.2)
Killed obogenome at 
 (Used mem % = 25.8)
Killed obogenome at 
 (Used mem % = 27.3)
Killed obogenome at 
 (Used mem % = 25.7)
Killed obogenome at 
 (Used mem % = 26.7)
Killed obogenome at 
 (Used mem % = 25.9)
Killed obogenome at 
 (Used mem % = 25.4)
Out of memory!
bin/killer.sh: line 7:   679 Killed                  perl bin/killer.pl $file
Out of memory!
bin/killer.sh: line 7:  1302 Killed                  perl bin/killer.pl $file
bin/killer.sh: line 7:  1310 Killed                  perl bin/killer.pl $file
Out of memory!
bin/killer.sh: line 7:  1317 Killed                  perl bin/killer.pl $file
Out of memory!
bin/killer.sh: line 7:  1324 Killed                  perl bin/killer.pl $file
Out of memory!
Out of memory!
Out of memory!
Out of memory!
Out of memory!
Out of memory!
Out of memory!
bin/killer.sh: line 7:  1473 Killed                  perl bin/killer.pl $file
Out of memory!
bin/killer.sh: line 7:  1658 Killed                  perl bin/killer.pl $file
Out of memory!
bin/killer.sh: line 7:  1673 Killed                  perl bin/killer.pl $file
bin/killer.sh: line 7:  1680 Killed                  perl bin/killer.pl $file
Out of memory!
bin/killer.sh: line 7:  1692 Killed                  perl bin/killer.pl $file
Out of memory!
bin/killer.sh: line 7:  1700 Killed                  perl bin/killer.pl $file
Out of memory!
bin/killer.sh: line 7:  1707 Killed                  perl bin/killer.pl $file
bin/killer.sh: line 7:  1714 Killed                  perl bin/killer.pl $file
bin/killer.sh: line 7:  1784 Killed                  perl bin/killer.pl $file
bin/killer.sh: line 7:  1799 Killed                  perl bin/killer.pl $file
Out of memory!
Out of memory!
bin/killer.sh: line 7:  1815 Killed                  perl bin/killer.pl $file
Out of memory!
Out of memory!
bin/killer.sh: line 7:  1822 Killed                  perl bin/killer.pl $file
Out of memory!
Out of memory!
bin/killer.sh: line 7:  1830 Killed                  perl bin/killer.pl $file
bin/killer.sh: line 7:  1845 Killed                  perl bin/killer.pl $file
bin/killer.sh: line 7:  1852 Killed                  perl bin/killer.pl $file
bin/killer.sh: line 7:  1866 Killed                  perl bin/killer.pl $file
Out of memory!
Out of memory!
bin/killer.sh: line 7:  1880 Killed                  perl bin/killer.pl $file
bin/killer.sh: line 7:  1899 Killed                  perl bin/killer.pl $file
Out of memory!
bin/killer.sh: line 7:  1914 Killed                  perl bin/killer.pl $file
bin/killer.sh: line 7:  1922 Killed                  perl bin/killer.pl $file
Out of memory!
bin/killer.sh: line 7:  1935 Killed                  perl bin/killer.pl $file
Out of memory!
Out of memory!
bin/killer.sh: line 7:  1944 Killed                  perl bin/killer.pl $file
bin/killer.sh: line 7:  1998 Killed                  perl bin/killer.pl $file
bin/killer.sh: line 7:  2005 Killed                  perl bin/killer.pl $file
bin/killer.sh: line 7:  2026 Killed                  perl bin/killer.pl $file
bin/killer.sh: line 7:  2042 Killed                  perl bin/killer.pl $file
bin/killer.sh: line 7:  2054 Killed                  perl bin/killer.pl $file
bin/killer.sh: line 7:  2061 Killed                  perl bin/killer.pl $file
Out of memory!
bin/killer.sh: line 7:  2068 Killed                  perl bin/killer.pl $file
bin/killer.sh: line 7:  2075 Killed                  perl bin/killer.pl $file
bin/killer.sh: line 7:  2087 Killed                  perl bin/killer.pl $file
bin/killer.sh: line 7:  2101 Killed                  perl bin/killer.pl $file
Out of memory!
bin/killer.sh: line 7:  2123 Killed                  perl bin/killer.pl $file
Out of memory!
bin/killer.sh: line 7:  2138 Killed                  perl bin/killer.pl $file
bin/killer.sh: line 7:  2145 Killed                  perl bin/killer.pl $file
bin/killer.sh: line 7:  2157 Killed                  perl bin/killer.pl $file
Out of memory!
Out of memory!
bin/killer.sh: line 7:  2164 Killed                  perl bin/killer.pl $file
Out of memory!
Out of memory!
bin/killer.sh: line 7:  2172 Killed                  perl bin/killer.pl $file
bin/killer.sh: line 7:  2179 Killed                  perl bin/killer.pl $file
Out of memory!
bin/killer.sh: line 7:  2251 Killed                  perl bin/killer.pl $file
bin/killer.sh: line 7:  2266 Killed                  perl bin/killer.pl $file
Out of memory!
bin/killer.sh: line 7:  2278 Killed                  perl bin/killer.pl $file
Out of memory!
bin/killer.sh: line 7:  2285 Killed                  perl bin/killer.pl $file
Out of memory!
Out of memory!
bin/killer.sh: line 7:  2294 Killed                  perl bin/killer.pl $file
bin/killer.sh: line 7:  2301 Killed                  perl bin/killer.pl $file
bin/killer.sh: line 7:  2313 Killed                  perl bin/killer.pl $file
bin/killer.sh: line 7:  2329 Killed                  perl bin/killer.pl $file
Out of memory!
bin/killer.sh: line 7:  2348 Killed                  perl bin/killer.pl $file
bin/killer.sh: line 7:  2363 Killed                  perl bin/killer.pl $file
bin/killer.sh: line 7:  2370 Killed                  perl bin/killer.pl $file
Out of memory!
bin/killer.sh: line 7:  2382 Killed                  perl bin/killer.pl $file
Out of memory!
bin/killer.sh: line 7:  2390 Killed                  perl bin/killer.pl $file
Out of memory!
bin/killer.sh: line 7:  2397 Killed                  perl bin/killer.pl $file
bin/killer.sh: line 7:  2411 Killed                  perl bin/killer.pl $file
Out of memory!
bin/killer.sh: line 7:  2482 Killed                  perl bin/killer.pl $file
bin/killer.sh: line 7:  2513 Killed                  perl bin/killer.pl $file
bin/killer.sh: line 7:  2528 Killed                  perl bin/killer.pl $file
bin/killer.sh: line 7:  2540 Killed                  perl bin/killer.pl $file
Out of memory!
Out of memory!
bin/killer.sh: line 7:  2548 Killed                  perl bin/killer.pl $file
Out of memory!
bin/killer.sh: line 7:  2556 Killed                  perl bin/killer.pl $file
bin/killer.sh: line 7:  2568 Killed                  perl bin/killer.pl $file
Out of memory!
Out of memory!
bin/killer.sh: line 7:  2583 Killed                  perl bin/killer.pl $file
bin/killer.sh: line 7:  2775 Killed                  perl bin/killer.pl $file
Out of memory!
Out of memory!
bin/killer.sh: line 7:  2790 Killed                  perl bin/killer.pl $file
Out of memory!
bin/killer.sh: line 7:  2802 Killed                  perl bin/killer.pl $file
Out of memory!
Out of memory!
bin/killer.sh: line 7:  2810 Killed                  perl bin/killer.pl $file
Out of memory!
Out of memory!
bin/killer.sh: line 7:  2817 Killed                  perl bin/killer.pl $file
bin/killer.sh: line 7:  2824 Killed                  perl bin/killer.pl $file
bin/killer.sh: line 7:  2882 Killed                  perl bin/killer.pl $file
bin/killer.sh: line 7:  2897 Killed                  perl bin/killer.pl $file
bin/killer.sh: line 7:  2916 Killed                  perl bin/killer.pl $file
Out of memory!
bin/killer.sh: line 7:  2931 Killed                  perl bin/killer.pl $file
bin/killer.sh: line 7:  2939 Killed                  perl bin/killer.pl $file
bin/killer.sh: line 7:  2951 Killed                  perl bin/killer.pl $file
Out of memory!
Out of memory!
bin/killer.sh: line 7:  2959 Killed                  perl bin/killer.pl $file
Out of memory!
Out of memory!
bin/killer.sh: line 7:  2966 Killed                  perl bin/killer.pl $file
bin/killer.sh: line 7:  2973 Killed                  perl bin/killer.pl $file
bin/killer.sh: line 7:  2993 Killed                  perl bin/killer.pl $file
bin/killer.sh: line 7:  3007 Killed                  perl bin/killer.pl $file
Out of memory!
Out of memory!
bin/killer.sh: line 7:  3019 Killed                  perl bin/killer.pl $file
Out of memory!
bin/killer.sh: line 7:  3027 Killed                  perl bin/killer.pl $file
Out of memory!
bin/killer.sh: line 7:  3034 Killed                  perl bin/killer.pl $file
bin/killer.sh: line 7:  3041 Killed                  perl bin/killer.pl $file
bin/killer.sh: line 7:  3054 Killed                  perl bin/killer.pl $file
bin/killer.sh: line 7:  3119 Killed                  perl bin/killer.pl $file
Out of memory!
Out of memory!
Out of memory!
Out of memory!
bin/killer.sh: line 7:  3192 Killed                  perl bin/killer.pl $file
bin/killer.sh: line 7:  3206 Killed                  perl bin/killer.pl $file
bin/killer.sh: line 7:  3213 Killed                  perl bin/killer.pl $file
Out of memory!
Out of memory!
bin/killer.sh: line 7:  3225 Killed                  perl bin/killer.pl $file
Out of memory!
bin/killer.sh: line 7:  3234 Killed                  perl bin/killer.pl $file
Out of memory!
Out of memory!
bin/killer.sh: line 7:  3241 Killed                  perl bin/killer.pl $file
bin/killer.sh: line 7:  3249 Killed                  perl bin/killer.pl $file
bin/killer.sh: line 7:  3273 Killed                  perl bin/killer.pl $file
bin/killer.sh: line 7:  3287 Killed                  perl bin/killer.pl $file
Out of memory!
bin/killer.sh: line 7:  3299 Killed                  perl bin/killer.pl $file
Out of memory!
Out of memory!
bin/killer.sh: line 7:  3354 Killed                  perl bin/killer.pl $file
Out of memory!
bin/killer.sh: line 7:  3361 Killed                  perl bin/killer.pl $file
Out of memory!
bin/killer.sh: line 7:  3369 Killed                  perl bin/killer.pl $file
bin/killer.sh: line 7:  3381 Killed                  perl bin/killer.pl $file
Out of memory!
Out of memory!
bin/killer.sh: line 7:  3400 Killed                  perl bin/killer.pl $file
bin/killer.sh: line 7:  3432 Killed                  perl bin/killer.pl $file
bin/killer.sh: line 7:  3447 Killed                  perl bin/killer.pl $file
Out of memory!
bin/killer.sh: line 7:  3459 Killed                  perl bin/killer.pl $file
Out of memory!
bin/killer.sh: line 7:  3466 Killed                  perl bin/killer.pl $file
Out of memory!
Out of memory!
Out of memory!
Out of memory!
Out of memory!
Out of memory!
Out of memory!
Out of memory!
bin/killer.sh: line 7:  3619 Killed                  perl bin/killer.pl $file
bin/killer.sh: line 7:  3633 Killed                  perl bin/killer.pl $file
Out of memory!
Out of memory!
bin/killer.sh: line 7:  3645 Killed                  perl bin/killer.pl $file
Out of memory!
Out of memory!
bin/killer.sh: line 7:  3652 Killed                  perl bin/killer.pl $file
Out of memory!
Out of memory!
Out of memory!
Out of memory!
Out of memory!
bin/killer.sh: line 7:  3660 Killed                  perl bin/killer.pl $file
Out of memory!
Out of memory!
Out of memory!
Out of memory!
Out of memory!
Out of memory!
bin/killer.sh: line 7:  3988 Killed                  perl bin/killer.pl $file
bin/killer.sh: line 7:  4003 Killed                  perl bin/killer.pl $file
bin/killer.sh: line 7:  4016 Killed                  perl bin/killer.pl $file
bin/killer.sh: line 7:  4023 Killed                  perl bin/killer.pl $file
Out of memory!
Out of memory!
bin/killer.sh: line 7:  4030 Killed                  perl bin/killer.pl $file
bin/killer.sh: line 7:  4038 Killed                  perl bin/killer.pl $file
bin/killer.sh: line 7:  4050 Killed                  perl bin/killer.pl $file
Out of memory!
bin/killer.sh: line 7:  4069 Killed                  perl bin/killer.pl $file
bin/killer.sh: line 7:  4096 Killed                  perl bin/killer.pl $file
bin/killer.sh: line 7:  4111 Killed                  perl bin/killer.pl $file
bin/killer.sh: line 7:  4123 Killed                  perl bin/killer.pl $file
Out of memory!
bin/killer.sh: line 7:  4130 Killed                  perl bin/killer.pl $file
Out of memory!
bin/killer.sh: line 7:  4138 Killed                  perl bin/killer.pl $file
bin/killer.sh: line 7:  4193 Killed                  perl bin/killer.pl $file
bin/killer.sh: line 7:  4205 Killed                  perl bin/killer.pl $file
Out of memory!
bin/killer.sh: line 7:  4221 Killed                  perl bin/killer.pl $file
bin/killer.sh: line 7:  4247 Killed                  perl bin/killer.pl $file
Out of memory!
bin/killer.sh: line 7:  4262 Killed                  perl bin/killer.pl $file
Out of memory!
Out of memory!
bin/killer.sh: line 7:  4274 Killed                  perl bin/killer.pl $file
Out of memory!
bin/killer.sh: line 7:  4282 Killed                  perl bin/killer.pl $file
Out of memory!
Out of memory!
bin/killer.sh: line 7:  4289 Killed                  perl bin/killer.pl $file
bin/killer.sh: line 7:  4296 Killed                  perl bin/killer.pl $file
Out of memory!
bin/killer.sh: line 7:  4309 Killed                  perl bin/killer.pl $file
bin/killer.sh: line 7:  4317 Killed                  perl bin/killer.pl $file
Out of memory!
bin/killer.sh: line 7:  4331 Killed                  perl bin/killer.pl $file
Out of memory!
Out of memory!
bin/killer.sh: line 7:  4351 Killed                  perl bin/killer.pl $file
Out of memory!
bin/killer.sh: line 7:  4365 Killed                  perl bin/killer.pl $file
Out of memory!
Out of memory!
Out of memory!
bin/killer.sh: line 7:  4432 Killed                  perl bin/killer.pl $file
Out of memory!
bin/killer.sh: line 7:  4447 Killed                  perl bin/killer.pl $file
bin/killer.sh: line 7:  4467 Killed                  perl bin/killer.pl $file
bin/killer.sh: line 7:  4482 Killed                  perl bin/killer.pl $file
Out of memory!
Out of memory!
bin/killer.sh: line 7:  4494 Killed                  perl bin/killer.pl $file
Out of memory!
bin/killer.sh: line 7:  4501 Killed                  perl bin/killer.pl $file
Out of memory!
bin/killer.sh: line 7:  4509 Killed                  perl bin/killer.pl $file
Out of memory!
bin/killer.sh: line 7:  4517 Killed                  perl bin/killer.pl $file
bin/killer.sh: line 7:  4529 Killed                  perl bin/killer.pl $file
Out of memory!
bin/killer.sh: line 7:  4543 Killed                  perl bin/killer.pl $file
Out of memory!
bin/killer.sh: line 7:  4573 Killed                  perl bin/killer.pl $file
bin/killer.sh: line 7:  4589 Killed                  perl bin/killer.pl $file
bin/killer.sh: line 7:  4602 Killed                  perl bin/killer.pl $file
Out of memory!
Out of memory!
bin/killer.sh: line 7:  4666 Killed                  perl bin/killer.pl $file
Out of memory!
Out of memory!
bin/killer.sh: line 7:  4673 Killed                  perl bin/killer.pl $file
bin/killer.sh: line 7:  4680 Killed                  perl bin/killer.pl $file
bin/killer.sh: line 7:  4692 Killed                  perl bin/killer.pl $file
bin/killer.sh: line 7:  4699 Killed                  perl bin/killer.pl $file
Out of memory!
bin/killer.sh: line 7:  4708 Killed                  perl bin/killer.pl $file
bin/killer.sh: line 7:  4727 Killed                  perl bin/killer.pl $file
Out of memory!
bin/killer.sh: line 7:  4741 Killed                  perl bin/killer.pl $file
bin/killer.sh: line 7:  4748 Killed                  perl bin/killer.pl $file
bin/killer.sh: line 7:  4760 Killed                  perl bin/killer.pl $file
Out of memory!
bin/killer.sh: line 7:  4767 Killed                  perl bin/killer.pl $file
Out of memory!
bin/killer.sh: line 7:  4776 Killed                  perl bin/killer.pl $file
bin/killer.sh: line 7:  4949 Killed                  perl bin/killer.pl $file
bin/killer.sh: line 7:  4973 Killed                  perl bin/killer.pl $file
bin/killer.sh: line 7:  4987 Killed                  perl bin/killer.pl $file
Out of memory!
bin/killer.sh: line 7:  4999 Killed                  perl bin/killer.pl $file
Out of memory!
Out of memory!
bin/killer.sh: line 7:  5006 Killed                  perl bin/killer.pl $file
Out of memory!
bin/killer.sh: line 7:  5014 Killed                  perl bin/killer.pl $file
bin/killer.sh: line 7:  5067 Killed                  perl bin/killer.pl $file
bin/killer.sh: line 7:  5079 Killed                  perl bin/killer.pl $file
Out of memory!
bin/killer.sh: line 7:  5093 Killed                  perl bin/killer.pl $file
bin/killer.sh: line 7:  5124 Killed                  perl bin/killer.pl $file
bin/killer.sh: line 7:  5140 Killed                  perl bin/killer.pl $file
Out of memory!
bin/killer.sh: line 7:  5152 Killed                  perl bin/killer.pl $file
bin/killer.sh: line 7:  5159 Killed                  perl bin/killer.pl $file
Out of memory!
Out of memory!
bin/killer.sh: line 7:  5167 Killed                  perl bin/killer.pl $file
bin/killer.sh: line 7:  5174 Killed                  perl bin/killer.pl $file
bin/killer.sh: line 7:  5186 Killed                  perl bin/killer.pl $file
Out of memory!
bin/killer.sh: line 7:  5201 Killed                  perl bin/killer.pl $file
Out of memory!
Out of memory!
Out of memory!
Out of memory!
Out of memory!
Out of memory!
Out of memory!
Out of memory!
bin/killer.sh: line 7:  5337 Killed                  perl bin/killer.pl $file
Out of memory!
bin/killer.sh: line 7:  5352 Killed                  perl bin/killer.pl $file
bin/killer.sh: line 7:  5359 Killed                  perl bin/killer.pl $file
Out of memory!
bin/killer.sh: line 7:  5371 Killed                  perl bin/killer.pl $file
Out of memory!
Out of memory!
bin/killer.sh: line 7:  5379 Killed                  perl bin/killer.pl $file
Out of memory!
bin/killer.sh: line 7:  5386 Killed                  perl bin/killer.pl $file
Out of memory!
bin/killer.sh: line 7:  5393 Killed                  perl bin/killer.pl $file
Out of memory!
bin/killer.sh: line 7:  5418 Killed                  perl bin/killer.pl $file
Out of memory!
bin/killer.sh: line 7:  5425 Killed                  perl bin/killer.pl $file
Out of memory!
bin/killer.sh: line 7:  5433 Killed                  perl bin/killer.pl $file
Out of memory!
Out of memory!
bin/killer.sh: line 7:  5446 Killed                  perl bin/killer.pl $file
Out of memory!
bin/killer.sh: line 7:  5453 Killed                  perl bin/killer.pl $file
bin/killer.sh: line 7:  5460 Killed                  perl bin/killer.pl $file
bin/killer.sh: line 7:  5485 Killed                  perl bin/killer.pl $file
bin/killer.sh: line 7:  5499 Killed                  perl bin/killer.pl $file
bin/killer.sh: line 7:  5551 Killed                  perl bin/killer.pl $file
Out of memory!
Out of memory!
bin/killer.sh: line 7:  5564 Killed                  perl bin/killer.pl $file
Out of memory!
bin/killer.sh: line 7:  5571 Killed                  perl bin/killer.pl $file
Out of memory!
Out of memory!
bin/killer.sh: line 7:  5578 Killed                  perl bin/killer.pl $file
bin/killer.sh: line 7:  5585 Killed                  perl bin/killer.pl $file
Out of memory!
Out of memory!
bin/killer.sh: line 7:  5604 Killed                  perl bin/killer.pl $file
Out of memory!
bin/killer.sh: line 7:  5620 Killed                  perl bin/killer.pl $file
Out of memory!
Out of memory!
Out of memory!
Out of memory!
bin/killer.sh: line 7:  5699 Killed                  perl bin/killer.pl $file
bin/killer.sh: line 7:  5714 Killed                  perl bin/killer.pl $file
Out of memory!
bin/killer.sh: line 7:  5726 Killed                  perl bin/killer.pl $file
Out of memory!
Out of memory!
bin/killer.sh: line 7:  5734 Killed                  perl bin/killer.pl $file
Out of memory!
Out of memory!
bin/killer.sh: line 7:  5800 Killed                  perl bin/killer.pl $file
bin/killer.sh: line 7:  5808 Killed                  perl bin/killer.pl $file
bin/killer.sh: line 7:  5828 Killed                  perl bin/killer.pl $file
bin/killer.sh: line 7:  5842 Killed                  perl bin/killer.pl $file
Out of memory!
bin/killer.sh: line 7:  5854 Killed                  perl bin/killer.pl $file
bin/killer.sh: line 7:  5861 Killed                  perl bin/killer.pl $file
Out of memory!
bin/killer.sh: line 7:  5868 Killed                  perl bin/killer.pl $file
Out of memory!
bin/killer.sh: line 7:  5876 Killed                  perl bin/killer.pl $file
bin/killer.sh: line 7:  5889 Killed                  perl bin/killer.pl $file
bin/killer.sh: line 7:  5904 Killed                  perl bin/killer.pl $file
bin/killer.sh: line 7:  6089 Killed                  perl bin/killer.pl $file
Out of memory!
bin/killer.sh: line 7:  6104 Killed                  perl bin/killer.pl $file
bin/killer.sh: line 7:  6112 Killed                  perl bin/killer.pl $file
Out of memory!
bin/killer.sh: line 7:  6124 Killed                  perl bin/killer.pl $file
Out of memory!
bin/killer.sh: line 7:  6132 Killed                  perl bin/killer.pl $file
Out of memory!
Out of memory!
bin/killer.sh: line 7:  6139 Killed                  perl bin/killer.pl $file
bin/killer.sh: line 7:  6193 Killed                  perl bin/killer.pl $file
bin/killer.sh: line 7:  6212 Killed                  perl bin/killer.pl $file
bin/killer.sh: line 7:  6227 Killed                  perl bin/killer.pl $file
Out of memory!
Out of memory!
bin/killer.sh: line 7:  6239 Killed                  perl bin/killer.pl $file
bin/killer.sh: line 7:  6247 Killed                  perl bin/killer.pl $file
Out of memory!
Out of memory!
bin/killer.sh: line 7:  6254 Killed                  perl bin/killer.pl $file
bin/killer.sh: line 7:  6270 Killed                  perl bin/killer.pl $file
bin/killer.sh: line 7:  6277 Killed                  perl bin/killer.pl $file
bin/killer.sh: line 7:  6296 Killed                  perl bin/killer.pl $file
bin/killer.sh: line 7:  6310 Killed                  perl bin/killer.pl $file
bin/killer.sh: line 7:  6318 Killed                  perl bin/killer.pl $file
Out of memory!
bin/killer.sh: line 7:  6330 Killed                  perl bin/killer.pl $file
Out of memory!
bin/killer.sh: line 7:  6338 Killed                  perl bin/killer.pl $file
Out of memory!
Out of memory!
bin/killer.sh: line 7:  6345 Killed                  perl bin/killer.pl $file
bin/killer.sh: line 7:  6352 Killed                  perl bin/killer.pl $file
bin/killer.sh: line 7:  6423 Killed                  perl bin/killer.pl $file
Out of memory!
bin/killer.sh: line 7:  6438 Killed                  perl bin/killer.pl $file
Out of memory!
bin/killer.sh: line 7:  6450 Killed                  perl bin/killer.pl $file
Out of memory!
Out of memory!
bin/killer.sh: line 7:  6458 Killed                  perl bin/killer.pl $file
Out of memory!
bin/killer.sh: line 7:  6465 Killed                  perl bin/killer.pl $file
bin/killer.sh: line 7:  6472 Killed                  perl bin/killer.pl $file
bin/killer.sh: line 7:  6484 Killed                  perl bin/killer.pl $file
Out of memory!
bin/killer.sh: line 7:  6500 Killed                  perl bin/killer.pl $file
Out of memory!
Out of memory!
Out of memory!
bin/killer.sh: line 7:  6519 Killed                  perl bin/killer.pl $file
Out of memory!
bin/killer.sh: line 7:  6535 Killed                  perl bin/killer.pl $file
bin/killer.sh: line 7:  6554 Killed                  perl bin/killer.pl $file
Out of memory!
Out of memory!
bin/killer.sh: line 7:  6569 Killed                  perl bin/killer.pl $file
bin/killer.sh: line 7:  6577 Killed                  perl bin/killer.pl $file
Out of memory!
Out of memory!
Out of memory!
bin/killer.sh: line 7:  6589 Killed                  perl bin/killer.pl $file
bin/killer.sh: line 7:  6653 Killed                  perl bin/killer.pl $file
bin/killer.sh: line 7:  6660 Killed                  perl bin/killer.pl $file
Out of memory!
Out of memory!
bin/killer.sh: line 7:  6680 Killed                  perl bin/killer.pl $file
Out of memory!
bin/killer.sh: line 7:  6695 Killed                  perl bin/killer.pl $file
bin/killer.sh: line 7:  6702 Killed                  perl bin/killer.pl $file
Out of memory!
Out of memory!
bin/killer.sh: line 7:  6714 Killed                  perl bin/killer.pl $file
Out of memory!
Out of memory!
bin/killer.sh: line 7:  6721 Killed                  perl bin/killer.pl $file
Out of memory!
bin/killer.sh: line 7:  6728 Killed                  perl bin/killer.pl $file
bin/killer.sh: line 7:  6735 Killed                  perl bin/killer.pl $file
bin/killer.sh: line 7:  6761 Killed                  perl bin/killer.pl $file
bin/killer.sh: line 7:  6775 Killed                  perl bin/killer.pl $file
bin/killer.sh: line 7:  6787 Killed                  perl bin/killer.pl $file
Out of memory!
Out of memory!
bin/killer.sh: line 7:  6794 Killed                  perl bin/killer.pl $file
Out of memory!
Out of memory!
Out of memory!
Out of memory!
Out of memory!
bin/killer.sh: line 7:  6801 Killed                  perl bin/killer.pl $file
Out of memory!
Out of memory!
bin/killer.sh: line 7:  6892 Killed                  perl bin/killer.pl $file
Out of memory!
Out of memory!
Out of memory!
Out of memory!
bin/killer.sh: line 7:  6970 Killed                  perl bin/killer.pl $file
Out of memory!
bin/killer.sh: line 7:  7151 Killed                  perl bin/killer.pl $file
Out of memory!
Out of memory!
bin/killer.sh: line 7:  7164 Killed                  perl bin/killer.pl $file
Out of memory!
bin/killer.sh: line 7:  7171 Killed                  perl bin/killer.pl $file
Out of memory!
Out of memory!
bin/killer.sh: line 7:  7178 Killed                  perl bin/killer.pl $file
bin/killer.sh: line 7:  7185 Killed                  perl bin/killer.pl $file
bin/killer.sh: line 7:  7257 Killed                  perl bin/killer.pl $file
bin/killer.sh: line 7:  7271 Killed                  perl bin/killer.pl $file
Out of memory!
Out of memory!
bin/killer.sh: line 7:  7283 Killed                  perl bin/killer.pl $file
Out of memory!
Out of memory!
bin/killer.sh: line 7:  7290 Killed                  perl bin/killer.pl $file
Out of memory!
bin/killer.sh: line 7:  7297 Killed                  perl bin/killer.pl $file
bin/killer.sh: line 7:  7305 Killed                  perl bin/killer.pl $file
bin/killer.sh: line 7:  7317 Killed                  perl bin/killer.pl $file
Out of memory!
bin/killer.sh: line 7:  7333 Killed                  perl bin/killer.pl $file
bin/killer.sh: line 7:  7363 Killed                  perl bin/killer.pl $file
bin/killer.sh: line 7:  7377 Killed                  perl bin/killer.pl $file
Out of memory!
Out of memory!
bin/killer.sh: line 7:  7389 Killed                  perl bin/killer.pl $file
Out of memory!
bin/killer.sh: line 7:  7397 Killed                  perl bin/killer.pl $file
Out of memory!
bin/killer.sh: line 7:  7405 Killed                  perl bin/killer.pl $file
Out of memory!
bin/killer.sh: line 7:  7412 Killed                  perl bin/killer.pl $file
Out of memory!
bin/killer.sh: line 7:  7424 Killed                  perl bin/killer.pl $file
bin/killer.sh: line 7:  7912 Killed                  perl bin/killer.pl $file
