Killed obogenome at ABCB6
 (Used mem % = 25.1)
Killed obogenome at 
 (Used mem % = 25.3)
Killed obogenome at 
 (Used mem % = 25.5)
Killed obogenome at 
 (Used mem % = 25.5)
Killed obogenome at 
 (Used mem % = 25.6)
Killed obogenome at 
 (Used mem % = 25.8)
Killed obogenome at 
 (Used mem % = 25.9)
Killed obogenome at 
 (Used mem % = 25.8)
Killed obogenome at 
 (Used mem % = 31.9)
Killed obogenome at 
 (Used mem % = 27.1)
Killed obogenome at 
 (Used mem % = 39.6)
Cannot open pipe to dot: Cannot allocate memory at /home/bscuser/Desktop/ontologies/parallel_obogenome/tmp.0/lib/graphs/graphobo.pm line 21.
Killed obogenome at 
 (Used mem % = 29.3)
Out of memory!
bin/saver.sh: fork: Cannot allocate memory
bin/killer.sh: line 7:  1173 Killed                  perl bin/killer.pl $file
Out of memory!
bin/killer.sh: line 7:  1331 Killed                  perl bin/killer.pl $file
Out of memory!
bin/killer.sh: line 7:  1347 Killed                  perl bin/killer.pl $file
Out of memory!
bin/killer.sh: line 7:  1354 Killed                  perl bin/killer.pl $file
bin/killer.sh: line 7:  1361 Killed                  perl bin/killer.pl $file
Out of memory!
bin/killer.sh: line 7:  1368 Killed                  perl bin/killer.pl $file
bin/killer.sh: line 7:  1376 Killed                  perl bin/killer.pl $file
bin/killer.sh: line 7:  1461 Killed                  perl bin/killer.pl $file
bin/killer.sh: line 7:  1480 Killed                  perl bin/killer.pl $file
Out of memory!
bin/killer.sh: line 7:  1731 Killed                  perl bin/killer.pl $file
Out of memory!
bin/killer.sh: line 7:  1873 Killed                  perl bin/killer.pl $file
bin/killer.sh: line 7:  1887 Killed                  perl bin/killer.pl $file
Out of memory!
bin/killer.sh: line 7:  2019 Killed                  perl bin/killer.pl $file
Out of memory!
bin/killer.sh: line 7:  2094 Killed                  perl bin/killer.pl $file
bin/killer.sh: line 7:  2109 Killed                  perl bin/killer.pl $file
Out of memory!
bin/killer.sh: line 7:  2244 Killed                  perl bin/killer.pl $file
Out of memory!
bin/killer.sh: line 7:  2320 Killed                  perl bin/killer.pl $file
bin/killer.sh: line 7:  2336 Killed                  perl bin/killer.pl $file
Out of memory!
bin/killer.sh: line 7:  2418 Killed                  perl bin/killer.pl $file
bin/killer.sh: line 7:  2490 Killed                  perl bin/killer.pl $file
Out of memory!
bin/killer.sh: line 7:  2576 Killed                  perl bin/killer.pl $file
bin/killer.sh: line 7:  2590 Killed                  perl bin/killer.pl $file
bin/killer.sh: line 7:  2768 Killed                  perl bin/killer.pl $file
Out of memory!
bin/killer.sh: line 7:  2889 Killed                  perl bin/killer.pl $file
bin/killer.sh: line 7:  2904 Killed                  perl bin/killer.pl $file
Out of memory!
bin/killer.sh: line 7:  2986 Killed                  perl bin/killer.pl $file
Out of memory!
bin/killer.sh: line 7:  3062 Killed                  perl bin/killer.pl $file
bin/killer.sh: line 7:  3126 Killed                  perl bin/killer.pl $file
bin/killer.sh: line 7:  3145 Killed                  perl bin/killer.pl $file
bin/killer.sh: line 7:  3153 Killed                  perl bin/killer.pl $file
bin/killer.sh: line 7:  3178 Killed                  perl bin/killer.pl $file
Out of memory!
bin/killer.sh: line 7:  3266 Killed                  perl bin/killer.pl $file
Out of memory!
bin/killer.sh: line 7:  3393 Killed                  perl bin/killer.pl $file
bin/killer.sh: line 7:  3407 Killed                  perl bin/killer.pl $file
Out of memory!
bin/killer.sh: line 7:  3505 Killed                  perl bin/killer.pl $file
bin/killer.sh: line 7:  3517 Killed                  perl bin/killer.pl $file
bin/killer.sh: line 7:  3525 Killed                  perl bin/killer.pl $file
bin/killer.sh: line 7:  3592 Killed                  perl bin/killer.pl $file
bin/killer.sh: line 7:  3599 Killed                  perl bin/killer.pl $file
bin/killer.sh: line 7:  3612 Killed                  perl bin/killer.pl $file
Out of memory!
bin/killer.sh: line 7:  3852 Killed                  perl bin/killer.pl $file
bin/killer.sh: line 7:  3865 Killed                  perl bin/killer.pl $file
bin/killer.sh: line 7:  3880 Killed                  perl bin/killer.pl $file
bin/killer.sh: line 7:  3887 Killed                  perl bin/killer.pl $file
bin/killer.sh: line 7:  3899 Killed                  perl bin/killer.pl $file
bin/killer.sh: line 7:  3954 Killed                  perl bin/killer.pl $file
bin/killer.sh: line 7:  3961 Killed                  perl bin/killer.pl $file
bin/killer.sh: line 7:  3968 Killed                  perl bin/killer.pl $file
bin/killer.sh: line 7:  3981 Killed                  perl bin/killer.pl $file
Out of memory!
bin/killer.sh: line 7:  4062 Killed                  perl bin/killer.pl $file
bin/killer.sh: line 7:  4076 Killed                  perl bin/killer.pl $file
bin/killer.sh: line 7:  4089 Killed                  perl bin/killer.pl $file
Out of memory!
bin/killer.sh: line 7:  4212 Killed                  perl bin/killer.pl $file
bin/killer.sh: line 7:  4228 Killed                  perl bin/killer.pl $file
bin/killer.sh: line 7:  4240 Killed                  perl bin/killer.pl $file
Out of memory!
bin/killer.sh: line 7:  4324 Killed                  perl bin/killer.pl $file
bin/killer.sh: line 7:  4343 Killed                  perl bin/killer.pl $file
bin/killer.sh: line 7:  4358 Killed                  perl bin/killer.pl $file
bin/killer.sh: line 7:  4424 Killed                  perl bin/killer.pl $file
bin/killer.sh: line 7:  4439 Killed                  perl bin/killer.pl $file
bin/killer.sh: line 7:  4460 Killed                  perl bin/killer.pl $file
Out of memory!
bin/killer.sh: line 7:  4536 Killed                  perl bin/killer.pl $file
bin/killer.sh: line 7:  4550 Killed                  perl bin/killer.pl $file
Out of memory!
bin/killer.sh: line 7:  4715 Killed                  perl bin/killer.pl $file
Out of memory!
bin/killer.sh: line 7:  4966 Killed                  perl bin/killer.pl $file
Out of memory!
bin/killer.sh: line 7:  5086 Killed                  perl bin/killer.pl $file
bin/killer.sh: line 7:  5101 Killed                  perl bin/killer.pl $file
Out of memory!
bin/killer.sh: line 7:  5193 Killed                  perl bin/killer.pl $file
bin/killer.sh: line 7:  5208 Killed                  perl bin/killer.pl $file
bin/killer.sh: line 7:  5227 Killed                  perl bin/killer.pl $file
bin/killer.sh: line 7:  5235 Killed                  perl bin/killer.pl $file
bin/killer.sh: line 7:  5242 Killed                  perl bin/killer.pl $file
bin/killer.sh: line 7:  5255 Killed                  perl bin/killer.pl $file
bin/killer.sh: line 7:  5311 Killed                  perl bin/killer.pl $file
bin/killer.sh: line 7:  5318 Killed                  perl bin/killer.pl $file
bin/killer.sh: line 7:  5325 Killed                  perl bin/killer.pl $file
Out of memory!
Out of memory!
bin/killer.sh: line 7:  5472 Killed                  perl bin/killer.pl $file
Out of memory!
bin/killer.sh: line 7:  5597 Killed                  perl bin/killer.pl $file
bin/killer.sh: line 7:  5612 Killed                  perl bin/killer.pl $file
bin/killer.sh: line 7:  5633 Killed                  perl bin/killer.pl $file
bin/killer.sh: line 7:  5647 Killed                  perl bin/killer.pl $file
bin/killer.sh: line 7:  5660 Killed                  perl bin/killer.pl $file
bin/killer.sh: line 7:  5679 Killed                  perl bin/killer.pl $file
bin/killer.sh: line 7:  5692 Killed                  perl bin/killer.pl $file
Out of memory!
bin/killer.sh: line 7:  5820 Killed                  perl bin/killer.pl $file
Out of memory!
bin/killer.sh: line 7:  5896 Killed                  perl bin/killer.pl $file
bin/killer.sh: line 7:  6077 Killed                  perl bin/killer.pl $file
Out of memory!
bin/killer.sh: line 7:  6205 Killed                  perl bin/killer.pl $file
Out of memory!
bin/killer.sh: line 7:  6284 Killed                  perl bin/killer.pl $file
Out of memory!
bin/killer.sh: line 7:  6370 Killed                  perl bin/killer.pl $file
Out of memory!
bin/killer.sh: line 7:  6491 Killed                  perl bin/killer.pl $file
bin/killer.sh: line 7:  6507 Killed                  perl bin/killer.pl $file
bin/killer.sh: line 7:  6527 Killed                  perl bin/killer.pl $file
bin/killer.sh: line 7:  6542 Killed                  perl bin/killer.pl $file
Out of memory!
bin/killer.sh: line 7:  6667 Killed                  perl bin/killer.pl $file
Out of memory!
bin/killer.sh: line 7:  6753 Killed                  perl bin/killer.pl $file
Out of memory!
bin/killer.sh: line 7:  6885 Killed                  perl bin/killer.pl $file
bin/killer.sh: line 7:  6904 Killed                  perl bin/killer.pl $file
bin/killer.sh: line 7:  6919 Killed                  perl bin/killer.pl $file
bin/killer.sh: line 7:  6926 Killed                  perl bin/killer.pl $file
bin/killer.sh: line 7:  6938 Killed                  perl bin/killer.pl $file
bin/killer.sh: line 7:  6958 Killed                  perl bin/killer.pl $file
Out of memory!
bin/killer.sh: line 7:  7202 Killed                  perl bin/killer.pl $file
Out of memory!
bin/killer.sh: line 7:  7325 Killed                  perl bin/killer.pl $file
bin/killer.sh: line 7:  7340 Killed                  perl bin/killer.pl $file
Out of memory!
bin/killer.sh: line 7:  7431 Killed                  perl bin/killer.pl $file
Out of memory!
